This is pdfTeX, Version 3.141592653-2.6-1.40.25 (TeX Live 2023) (preloaded format=pdflatex 2023.12.24)  17 MAR 2025 13:18
entering extended mode
 restricted \write18 enabled.
 %&-line parsing enabled.
**"Final Project.tex"
(./Final Project.tex
LaTeX2e <2022-11-01> patch level 1
L3 programming layer <2023-02-22>
(d:/Users/25785/AppData/Local/Programs/Latex/texlive/2023/texmf-dist/tex/latex/
base/article.cls
Document Class: article 2022/07/02 v1.4n Standard LaTeX document class

(d:/Users/25785/AppData/Local/Programs/Latex/texlive/2023/texmf-dist/tex/latex/
base/size10.clo
File: size10.clo 2022/07/02 v1.4n Standard LaTeX file (size option)
)
\c@part=\count185
\c@section=\count186
\c@subsection=\count187
\c@subsubsection=\count188
\c@paragraph=\count189
\c@subparagraph=\count190
\c@figure=\count191
\c@table=\count192
\abovecaptionskip=\skip48
\belowcaptionskip=\skip49
\bibindent=\dimen140
)
(d:/Users/25785/AppData/Local/Programs/Latex/texlive/2023/texmf-dist/tex/latex/
ctex/ctex.sty
(d:/Users/25785/AppData/Local/Programs/Latex/texlive/2023/texmf-dist/tex/latex/
l3kernel/expl3.sty
Package: expl3 2023-02-22 L3 programming layer (loader) 

(d:/Users/25785/AppData/Local/Programs/Latex/texlive/2023/texmf-dist/tex/latex/
l3backend/l3backend-pdftex.def
File: l3backend-pdftex.def 2023-01-16 L3 backend support: PDF output (pdfTeX)
\l__color_backend_stack_int=\count193
\l__pdf_internal_box=\box51
))
Package: ctex 2022/07/14 v2.5.10 Chinese adapter in LaTeX (CTEX)

(d:/Users/25785/AppData/Local/Programs/Latex/texlive/2023/texmf-dist/tex/latex/
ctex/ctexhook.sty
Package: ctexhook 2022/07/14 v2.5.10 Document and package hooks (CTEX)
)
(d:/Users/25785/AppData/Local/Programs/Latex/texlive/2023/texmf-dist/tex/latex/
ctex/ctexpatch.sty
Package: ctexpatch 2022/07/14 v2.5.10 Patching commands (CTEX)
)
(d:/Users/25785/AppData/Local/Programs/Latex/texlive/2023/texmf-dist/tex/latex/
base/fix-cm.sty
Package: fix-cm 2020/11/24 v1.1t fixes to LaTeX

(d:/Users/25785/AppData/Local/Programs/Latex/texlive/2023/texmf-dist/tex/latex/
base/ts1enc.def
File: ts1enc.def 2001/06/05 v3.0e (jk/car/fm) Standard LaTeX file
LaTeX Font Info:    Redeclaring font encoding TS1 on input line 47.
))
\l__ctex_tmp_int=\count194
\l__ctex_tmp_box=\box52
\l__ctex_tmp_dim=\dimen141
\g__ctex_section_depth_int=\count195
\g__ctex_font_size_int=\count196

(d:/Users/25785/AppData/Local/Programs/Latex/texlive/2023/texmf-dist/tex/latex/
ctex/config/ctexopts.cfg
File: ctexopts.cfg 2022/07/14 v2.5.10 Option configuration file (CTEX)
)

Package ctex Warning: UTF8 will be used as the default encoding.


(d:/Users/25785/AppData/Local/Programs/Latex/texlive/2023/texmf-dist/tex/latex/
ctex/engine/ctex-engine-pdftex.def
File: ctex-engine-pdftex.def 2022/07/14 v2.5.10 (pdf)LaTeX adapter (CTEX)

(d:/Users/25785/AppData/Local/Programs/Latex/texlive/2023/texmf-dist/tex/latex/
cjk/texinput/CJKutf8.sty
Package: CJKutf8 2021/10/16 4.8.5

(d:/Users/25785/AppData/Local/Programs/Latex/texlive/2023/texmf-dist/tex/generi
c/iftex/ifpdf.sty
Package: ifpdf 2019/10/25 v3.4 ifpdf legacy package. Use iftex instead.

(d:/Users/25785/AppData/Local/Programs/Latex/texlive/2023/texmf-dist/tex/generi
c/iftex/iftex.sty
Package: iftex 2022/02/03 v1.0f TeX engine tests
))
(d:/Users/25785/AppData/Local/Programs/Latex/texlive/2023/texmf-dist/tex/latex/
base/inputenc.sty
Package: inputenc 2021/02/14 v1.3d Input encoding file
\inpenc@prehook=\toks16
\inpenc@posthook=\toks17
)
(d:/Users/25785/AppData/Local/Programs/Latex/texlive/2023/texmf-dist/tex/latex/
cjk/texinput/CJK.sty
Package: CJK 2021/10/16 4.8.5

(d:/Users/25785/AppData/Local/Programs/Latex/texlive/2023/texmf-dist/tex/latex/
cjk/texinput/mule/MULEenc.sty
Package: MULEenc 2021/10/16 4.8.5
)
(d:/Users/25785/AppData/Local/Programs/Latex/texlive/2023/texmf-dist/tex/latex/
cjk/texinput/CJK.enc
File: CJK.enc 2021/10/16 4.8.5
Now handling font encoding C00 ...
... no UTF-8 mapping file for font encoding C00
Now handling font encoding C05 ...
... no UTF-8 mapping file for font encoding C05
Now handling font encoding C09 ...
... no UTF-8 mapping file for font encoding C09
Now handling font encoding C10 ...
... no UTF-8 mapping file for font encoding C10
Now handling font encoding C20 ...
... no UTF-8 mapping file for font encoding C20
Now handling font encoding C19 ...
... no UTF-8 mapping file for font encoding C19
Now handling font encoding C40 ...
... no UTF-8 mapping file for font encoding C40
Now handling font encoding C42 ...
... no UTF-8 mapping file for font encoding C42
Now handling font encoding C43 ...
... no UTF-8 mapping file for font encoding C43
Now handling font encoding C50 ...
... no UTF-8 mapping file for font encoding C50
Now handling font encoding C52 ...
... no UTF-8 mapping file for font encoding C52
Now handling font encoding C49 ...
... no UTF-8 mapping file for font encoding C49
Now handling font encoding C60 ...
... no UTF-8 mapping file for font encoding C60
Now handling font encoding C61 ...
... no UTF-8 mapping file for font encoding C61
Now handling font encoding C63 ...
... no UTF-8 mapping file for font encoding C63
Now handling font encoding C64 ...
... no UTF-8 mapping file for font encoding C64
Now handling font encoding C65 ...
... no UTF-8 mapping file for font encoding C65
Now handling font encoding C70 ...
... no UTF-8 mapping file for font encoding C70
Now handling font encoding C31 ...
... no UTF-8 mapping file for font encoding C31
Now handling font encoding C32 ...
... no UTF-8 mapping file for font encoding C32
Now handling font encoding C33 ...
... no UTF-8 mapping file for font encoding C33
Now handling font encoding C34 ...
... no UTF-8 mapping file for font encoding C34
Now handling font encoding C35 ...
... no UTF-8 mapping file for font encoding C35
Now handling font encoding C36 ...
... no UTF-8 mapping file for font encoding C36
Now handling font encoding C37 ...
... no UTF-8 mapping file for font encoding C37
Now handling font encoding C80 ...
... no UTF-8 mapping file for font encoding C80
Now handling font encoding C81 ...
... no UTF-8 mapping file for font encoding C81
Now handling font encoding C01 ...
... no UTF-8 mapping file for font encoding C01
Now handling font encoding C11 ...
... no UTF-8 mapping file for font encoding C11
Now handling font encoding C21 ...
... no UTF-8 mapping file for font encoding C21
Now handling font encoding C41 ...
... no UTF-8 mapping file for font encoding C41
Now handling font encoding C62 ...
... no UTF-8 mapping file for font encoding C62
)
\CJK@indent=\box53
)
(d:/Users/25785/AppData/Local/Programs/Latex/texlive/2023/texmf-dist/tex/latex/
base/fontenc.sty
Package: fontenc 2021/04/29 v2.0v Standard LaTeX package
))
(d:/Users/25785/AppData/Local/Programs/Latex/texlive/2023/texmf-dist/tex/latex/
cjkpunct/CJKpunct.sty
Package: CJKpunct 2016/05/14 4.8.4
\CJKpunct@cnta=\count197
\CJKpunct@cntb=\count198
\CJKpunct@cntc=\count199
\CJKpunct@cntd=\count266
\CJKpunct@cnte=\count267
   defining Unicode char U+2018 (decimal 8216)
   defining Unicode char U+2019 (decimal 8217)
   defining Unicode char U+201C (decimal 8220)
   defining Unicode char U+201D (decimal 8221)
   defining Unicode char U+2014 (decimal 8212)
   defining Unicode char U+2026 (decimal 8230)

(d:/Users/25785/AppData/Local/Programs/Latex/texlive/2023/texmf-dist/tex/latex/
cjkpunct/CJKpunct.spa))
(d:/Users/25785/AppData/Local/Programs/Latex/texlive/2023/texmf-dist/tex/latex/
cjk/texinput/CJKspace.sty
Package: CJKspace 2021/10/16 3.8.0
)
(d:/Users/25785/AppData/Local/Programs/Latex/texlive/2023/texmf-dist/tex/latex/
cjk/texinput/UTF8/UTF8.bdg
File: UTF8.bdg 2021/10/16 4.8.5
)
(d:/Users/25785/AppData/Local/Programs/Latex/texlive/2023/texmf-dist/tex/latex/
ctex/ctexspa.def
File: ctexspa.def 2022/07/14 v2.5.10 Space info for CJKpunct (CTEX)
)
\ccwd=\dimen142
\l__ctex_ccglue_skip=\skip50
)
\l__ctex_ziju_dim=\dimen143

(d:/Users/25785/AppData/Local/Programs/Latex/texlive/2023/texmf-dist/tex/latex/
zhnumber/zhnumber.sty
Package: zhnumber 2022/07/14 v3.0 Typesetting numbers with Chinese glyphs
\l__zhnum_scale_int=\count268
\l__zhnum_tmp_int=\count269

(d:/Users/25785/AppData/Local/Programs/Latex/texlive/2023/texmf-dist/tex/latex/
zhnumber/zhnumber-utf8.cfg
File: zhnumber-utf8.cfg 2022/07/14 v3.0 Chinese numerals with UTF8 encoding
))
(d:/Users/25785/AppData/Local/Programs/Latex/texlive/2023/texmf-dist/tex/latex/
ctex/scheme/ctex-scheme-chinese.def
File: ctex-scheme-chinese.def 2022/07/14 v2.5.10 Chinese scheme for generic (CT
EX)

(d:/Users/25785/AppData/Local/Programs/Latex/texlive/2023/texmf-dist/tex/latex/
ctex/config/ctex-name-utf8.cfg
File: ctex-name-utf8.cfg 2022/07/14 v2.5.10 Caption with encoding UTF-8 (CTEX)
))
(d:/Users/25785/AppData/Local/Programs/Latex/texlive/2023/texmf-dist/tex/latex/
tools/indentfirst.sty
Package: indentfirst 1995/11/23 v1.03 Indent first paragraph (DPC)
)
(d:/Users/25785/AppData/Local/Programs/Latex/texlive/2023/texmf-dist/tex/latex/
ctex/ctex-c5size.clo
File: ctex-c5size.clo 2022/07/14 v2.5.10 c5size option (CTEX)
)
(d:/Users/25785/AppData/Local/Programs/Latex/texlive/2023/texmf-dist/tex/latex/
ctex/fontset/ctex-fontset-windows.def
File: ctex-fontset-windows.def 2022/07/14 v2.5.10 Windows fonts definition (CTE
X)
))
(d:/Users/25785/AppData/Local/Programs/Latex/texlive/2023/texmf-dist/tex/latex/
ctex/config/ctex.cfg
File: ctex.cfg 2022/07/14 v2.5.10 Configuration file (CTEX)
)
(d:/Users/25785/AppData/Local/Programs/Latex/texlive/2023/texmf-dist/tex/latex/
amsmath/amsmath.sty
Package: amsmath 2022/04/08 v2.17n AMS math features
\@mathmargin=\skip51

For additional information on amsmath, use the `?' option.

(d:/Users/25785/AppData/Local/Programs/Latex/texlive/2023/texmf-dist/tex/latex/
amsmath/amstext.sty
Package: amstext 2021/08/26 v2.01 AMS text

(d:/Users/25785/AppData/Local/Programs/Latex/texlive/2023/texmf-dist/tex/latex/
amsmath/amsgen.sty
File: amsgen.sty 1999/11/30 v2.0 generic functions
\@emptytoks=\toks18
\ex@=\dimen144
))
(d:/Users/25785/AppData/Local/Programs/Latex/texlive/2023/texmf-dist/tex/latex/
amsmath/amsbsy.sty
Package: amsbsy 1999/11/29 v1.2d Bold Symbols
\pmbraise@=\dimen145
)
(d:/Users/25785/AppData/Local/Programs/Latex/texlive/2023/texmf-dist/tex/latex/
amsmath/amsopn.sty
Package: amsopn 2022/04/08 v2.04 operator names
)
\inf@bad=\count270
LaTeX Info: Redefining \frac on input line 234.
\uproot@=\count271
\leftroot@=\count272
LaTeX Info: Redefining \overline on input line 399.
LaTeX Info: Redefining \colon on input line 410.
\classnum@=\count273
\DOTSCASE@=\count274
LaTeX Info: Redefining \ldots on input line 496.
LaTeX Info: Redefining \dots on input line 499.
LaTeX Info: Redefining \cdots on input line 620.
\Mathstrutbox@=\box54
\strutbox@=\box55
LaTeX Info: Redefining \big on input line 722.
LaTeX Info: Redefining \Big on input line 723.
LaTeX Info: Redefining \bigg on input line 724.
LaTeX Info: Redefining \Bigg on input line 725.
\big@size=\dimen146
LaTeX Font Info:    Redeclaring font encoding OML on input line 743.
LaTeX Font Info:    Redeclaring font encoding OMS on input line 744.
\macc@depth=\count275
LaTeX Info: Redefining \bmod on input line 905.
LaTeX Info: Redefining \pmod on input line 910.
LaTeX Info: Redefining \smash on input line 940.
LaTeX Info: Redefining \relbar on input line 970.
LaTeX Info: Redefining \Relbar on input line 971.
\c@MaxMatrixCols=\count276
\dotsspace@=\muskip16
\c@parentequation=\count277
\dspbrk@lvl=\count278
\tag@help=\toks19
\row@=\count279
\column@=\count280
\maxfields@=\count281
\andhelp@=\toks20
\eqnshift@=\dimen147
\alignsep@=\dimen148
\tagshift@=\dimen149
\tagwidth@=\dimen150
\totwidth@=\dimen151
\lineht@=\dimen152
\@envbody=\toks21
\multlinegap=\skip52
\multlinetaggap=\skip53
\mathdisplay@stack=\toks22
LaTeX Info: Redefining \[ on input line 2953.
LaTeX Info: Redefining \] on input line 2954.
)
(d:/Users/25785/AppData/Local/Programs/Latex/texlive/2023/texmf-dist/tex/latex/
tcolorbox/tcolorbox.sty
Package: tcolorbox 2023/02/12 version 6.0.1 text color boxes

(d:/Users/25785/AppData/Local/Programs/Latex/texlive/2023/texmf-dist/tex/latex/
pgf/basiclayer/pgf.sty
(d:/Users/25785/AppData/Local/Programs/Latex/texlive/2023/texmf-dist/tex/latex/
pgf/utilities/pgfrcs.sty
(d:/Users/25785/AppData/Local/Programs/Latex/texlive/2023/texmf-dist/tex/generi
c/pgf/utilities/pgfutil-common.tex
\pgfutil@everybye=\toks23
\pgfutil@tempdima=\dimen153
\pgfutil@tempdimb=\dimen154
)
(d:/Users/25785/AppData/Local/Programs/Latex/texlive/2023/texmf-dist/tex/generi
c/pgf/utilities/pgfutil-latex.def
\pgfutil@abb=\box56
)
(d:/Users/25785/AppData/Local/Programs/Latex/texlive/2023/texmf-dist/tex/generi
c/pgf/utilities/pgfrcs.code.tex
(d:/Users/25785/AppData/Local/Programs/Latex/texlive/2023/texmf-dist/tex/generi
c/pgf/pgf.revision.tex)
Package: pgfrcs 2023-01-15 v3.1.10 (3.1.10)
))
Package: pgf 2023-01-15 v3.1.10 (3.1.10)

(d:/Users/25785/AppData/Local/Programs/Latex/texlive/2023/texmf-dist/tex/latex/
pgf/basiclayer/pgfcore.sty
(d:/Users/25785/AppData/Local/Programs/Latex/texlive/2023/texmf-dist/tex/latex/
graphics/graphicx.sty
Package: graphicx 2021/09/16 v1.2d Enhanced LaTeX Graphics (DPC,SPQR)

(d:/Users/25785/AppData/Local/Programs/Latex/texlive/2023/texmf-dist/tex/latex/
graphics/keyval.sty
Package: keyval 2022/05/29 v1.15 key=value parser (DPC)
\KV@toks@=\toks24
)
(d:/Users/25785/AppData/Local/Programs/Latex/texlive/2023/texmf-dist/tex/latex/
graphics/graphics.sty
Package: graphics 2022/03/10 v1.4e Standard LaTeX Graphics (DPC,SPQR)

(d:/Users/25785/AppData/Local/Programs/Latex/texlive/2023/texmf-dist/tex/latex/
graphics/trig.sty
Package: trig 2021/08/11 v1.11 sin cos tan (DPC)
)
(d:/Users/25785/AppData/Local/Programs/Latex/texlive/2023/texmf-dist/tex/latex/
graphics-cfg/graphics.cfg
File: graphics.cfg 2016/06/04 v1.11 sample graphics configuration
)
Package graphics Info: Driver file: pdftex.def on input line 107.

(d:/Users/25785/AppData/Local/Programs/Latex/texlive/2023/texmf-dist/tex/latex/
graphics-def/pdftex.def
File: pdftex.def 2022/09/22 v1.2b Graphics/color driver for pdftex
))
\Gin@req@height=\dimen155
\Gin@req@width=\dimen156
)
(d:/Users/25785/AppData/Local/Programs/Latex/texlive/2023/texmf-dist/tex/latex/
pgf/systemlayer/pgfsys.sty
(d:/Users/25785/AppData/Local/Programs/Latex/texlive/2023/texmf-dist/tex/generi
c/pgf/systemlayer/pgfsys.code.tex
Package: pgfsys 2023-01-15 v3.1.10 (3.1.10)

(d:/Users/25785/AppData/Local/Programs/Latex/texlive/2023/texmf-dist/tex/generi
c/pgf/utilities/pgfkeys.code.tex
\pgfkeys@pathtoks=\toks25
\pgfkeys@temptoks=\toks26

(d:/Users/25785/AppData/Local/Programs/Latex/texlive/2023/texmf-dist/tex/generi
c/pgf/utilities/pgfkeyslibraryfiltered.code.tex
\pgfkeys@tmptoks=\toks27
))
\pgf@x=\dimen157
\pgf@y=\dimen158
\pgf@xa=\dimen159
\pgf@ya=\dimen160
\pgf@xb=\dimen161
\pgf@yb=\dimen162
\pgf@xc=\dimen163
\pgf@yc=\dimen164
\pgf@xd=\dimen165
\pgf@yd=\dimen166
\w@pgf@writea=\write3
\r@pgf@reada=\read2
\c@pgf@counta=\count282
\c@pgf@countb=\count283
\c@pgf@countc=\count284
\c@pgf@countd=\count285
\t@pgf@toka=\toks28
\t@pgf@tokb=\toks29
\t@pgf@tokc=\toks30
\pgf@sys@id@count=\count286

(d:/Users/25785/AppData/Local/Programs/Latex/texlive/2023/texmf-dist/tex/generi
c/pgf/systemlayer/pgf.cfg
File: pgf.cfg 2023-01-15 v3.1.10 (3.1.10)
)
Driver file for pgf: pgfsys-pdftex.def

(d:/Users/25785/AppData/Local/Programs/Latex/texlive/2023/texmf-dist/tex/generi
c/pgf/systemlayer/pgfsys-pdftex.def
File: pgfsys-pdftex.def 2023-01-15 v3.1.10 (3.1.10)

(d:/Users/25785/AppData/Local/Programs/Latex/texlive/2023/texmf-dist/tex/generi
c/pgf/systemlayer/pgfsys-common-pdf.def
File: pgfsys-common-pdf.def 2023-01-15 v3.1.10 (3.1.10)
)))
(d:/Users/25785/AppData/Local/Programs/Latex/texlive/2023/texmf-dist/tex/generi
c/pgf/systemlayer/pgfsyssoftpath.code.tex
File: pgfsyssoftpath.code.tex 2023-01-15 v3.1.10 (3.1.10)
\pgfsyssoftpath@smallbuffer@items=\count287
\pgfsyssoftpath@bigbuffer@items=\count288
)
(d:/Users/25785/AppData/Local/Programs/Latex/texlive/2023/texmf-dist/tex/generi
c/pgf/systemlayer/pgfsysprotocol.code.tex
File: pgfsysprotocol.code.tex 2023-01-15 v3.1.10 (3.1.10)
))
(d:/Users/25785/AppData/Local/Programs/Latex/texlive/2023/texmf-dist/tex/latex/
xcolor/xcolor.sty
Package: xcolor 2022/06/12 v2.14 LaTeX color extensions (UK)

(d:/Users/25785/AppData/Local/Programs/Latex/texlive/2023/texmf-dist/tex/latex/
graphics-cfg/color.cfg
File: color.cfg 2016/01/02 v1.6 sample color configuration
)
Package xcolor Info: Driver file: pdftex.def on input line 227.

(d:/Users/25785/AppData/Local/Programs/Latex/texlive/2023/texmf-dist/tex/latex/
graphics/mathcolor.ltx)
Package xcolor Info: Model `cmy' substituted by `cmy0' on input line 1353.
Package xcolor Info: Model `hsb' substituted by `rgb' on input line 1357.
Package xcolor Info: Model `RGB' extended on input line 1369.
Package xcolor Info: Model `HTML' substituted by `rgb' on input line 1371.
Package xcolor Info: Model `Hsb' substituted by `hsb' on input line 1372.
Package xcolor Info: Model `tHsb' substituted by `hsb' on input line 1373.
Package xcolor Info: Model `HSB' substituted by `hsb' on input line 1374.
Package xcolor Info: Model `Gray' substituted by `gray' on input line 1375.
Package xcolor Info: Model `wave' substituted by `hsb' on input line 1376.
)
(d:/Users/25785/AppData/Local/Programs/Latex/texlive/2023/texmf-dist/tex/generi
c/pgf/basiclayer/pgfcore.code.tex
Package: pgfcore 2023-01-15 v3.1.10 (3.1.10)

(d:/Users/25785/AppData/Local/Programs/Latex/texlive/2023/texmf-dist/tex/generi
c/pgf/math/pgfmath.code.tex
(d:/Users/25785/AppData/Local/Programs/Latex/texlive/2023/texmf-dist/tex/generi
c/pgf/math/pgfmathutil.code.tex)
(d:/Users/25785/AppData/Local/Programs/Latex/texlive/2023/texmf-dist/tex/generi
c/pgf/math/pgfmathparser.code.tex
\pgfmath@dimen=\dimen167
\pgfmath@count=\count289
\pgfmath@box=\box57
\pgfmath@toks=\toks31
\pgfmath@stack@operand=\toks32
\pgfmath@stack@operation=\toks33
)
(d:/Users/25785/AppData/Local/Programs/Latex/texlive/2023/texmf-dist/tex/generi
c/pgf/math/pgfmathfunctions.code.tex)
(d:/Users/25785/AppData/Local/Programs/Latex/texlive/2023/texmf-dist/tex/generi
c/pgf/math/pgfmathfunctions.basic.code.tex)
(d:/Users/25785/AppData/Local/Programs/Latex/texlive/2023/texmf-dist/tex/generi
c/pgf/math/pgfmathfunctions.trigonometric.code.tex)
(d:/Users/25785/AppData/Local/Programs/Latex/texlive/2023/texmf-dist/tex/generi
c/pgf/math/pgfmathfunctions.random.code.tex)
(d:/Users/25785/AppData/Local/Programs/Latex/texlive/2023/texmf-dist/tex/generi
c/pgf/math/pgfmathfunctions.comparison.code.tex)
(d:/Users/25785/AppData/Local/Programs/Latex/texlive/2023/texmf-dist/tex/generi
c/pgf/math/pgfmathfunctions.base.code.tex)
(d:/Users/25785/AppData/Local/Programs/Latex/texlive/2023/texmf-dist/tex/generi
c/pgf/math/pgfmathfunctions.round.code.tex)
(d:/Users/25785/AppData/Local/Programs/Latex/texlive/2023/texmf-dist/tex/generi
c/pgf/math/pgfmathfunctions.misc.code.tex)
(d:/Users/25785/AppData/Local/Programs/Latex/texlive/2023/texmf-dist/tex/generi
c/pgf/math/pgfmathfunctions.integerarithmetics.code.tex)
(d:/Users/25785/AppData/Local/Programs/Latex/texlive/2023/texmf-dist/tex/generi
c/pgf/math/pgfmathcalc.code.tex)
(d:/Users/25785/AppData/Local/Programs/Latex/texlive/2023/texmf-dist/tex/generi
c/pgf/math/pgfmathfloat.code.tex
\c@pgfmathroundto@lastzeros=\count290
))
(d:/Users/25785/AppData/Local/Programs/Latex/texlive/2023/texmf-dist/tex/generi
c/pgf/math/pgfint.code.tex)
(d:/Users/25785/AppData/Local/Programs/Latex/texlive/2023/texmf-dist/tex/generi
c/pgf/basiclayer/pgfcorepoints.code.tex
File: pgfcorepoints.code.tex 2023-01-15 v3.1.10 (3.1.10)
\pgf@picminx=\dimen168
\pgf@picmaxx=\dimen169
\pgf@picminy=\dimen170
\pgf@picmaxy=\dimen171
\pgf@pathminx=\dimen172
\pgf@pathmaxx=\dimen173
\pgf@pathminy=\dimen174
\pgf@pathmaxy=\dimen175
\pgf@xx=\dimen176
\pgf@xy=\dimen177
\pgf@yx=\dimen178
\pgf@yy=\dimen179
\pgf@zx=\dimen180
\pgf@zy=\dimen181
)
(d:/Users/25785/AppData/Local/Programs/Latex/texlive/2023/texmf-dist/tex/generi
c/pgf/basiclayer/pgfcorepathconstruct.code.tex
File: pgfcorepathconstruct.code.tex 2023-01-15 v3.1.10 (3.1.10)
\pgf@path@lastx=\dimen182
\pgf@path@lasty=\dimen183
)
(d:/Users/25785/AppData/Local/Programs/Latex/texlive/2023/texmf-dist/tex/generi
c/pgf/basiclayer/pgfcorepathusage.code.tex
File: pgfcorepathusage.code.tex 2023-01-15 v3.1.10 (3.1.10)
\pgf@shorten@end@additional=\dimen184
\pgf@shorten@start@additional=\dimen185
)
(d:/Users/25785/AppData/Local/Programs/Latex/texlive/2023/texmf-dist/tex/generi
c/pgf/basiclayer/pgfcorescopes.code.tex
File: pgfcorescopes.code.tex 2023-01-15 v3.1.10 (3.1.10)
\pgfpic=\box58
\pgf@hbox=\box59
\pgf@layerbox@main=\box60
\pgf@picture@serial@count=\count291
)
(d:/Users/25785/AppData/Local/Programs/Latex/texlive/2023/texmf-dist/tex/generi
c/pgf/basiclayer/pgfcoregraphicstate.code.tex
File: pgfcoregraphicstate.code.tex 2023-01-15 v3.1.10 (3.1.10)
\pgflinewidth=\dimen186
)
(d:/Users/25785/AppData/Local/Programs/Latex/texlive/2023/texmf-dist/tex/generi
c/pgf/basiclayer/pgfcoretransformations.code.tex
File: pgfcoretransformations.code.tex 2023-01-15 v3.1.10 (3.1.10)
\pgf@pt@x=\dimen187
\pgf@pt@y=\dimen188
\pgf@pt@temp=\dimen189
)
(d:/Users/25785/AppData/Local/Programs/Latex/texlive/2023/texmf-dist/tex/generi
c/pgf/basiclayer/pgfcorequick.code.tex
File: pgfcorequick.code.tex 2023-01-15 v3.1.10 (3.1.10)
)
(d:/Users/25785/AppData/Local/Programs/Latex/texlive/2023/texmf-dist/tex/generi
c/pgf/basiclayer/pgfcoreobjects.code.tex
File: pgfcoreobjects.code.tex 2023-01-15 v3.1.10 (3.1.10)
)
(d:/Users/25785/AppData/Local/Programs/Latex/texlive/2023/texmf-dist/tex/generi
c/pgf/basiclayer/pgfcorepathprocessing.code.tex
File: pgfcorepathprocessing.code.tex 2023-01-15 v3.1.10 (3.1.10)
)
(d:/Users/25785/AppData/Local/Programs/Latex/texlive/2023/texmf-dist/tex/generi
c/pgf/basiclayer/pgfcorearrows.code.tex
File: pgfcorearrows.code.tex 2023-01-15 v3.1.10 (3.1.10)
\pgfarrowsep=\dimen190
)
(d:/Users/25785/AppData/Local/Programs/Latex/texlive/2023/texmf-dist/tex/generi
c/pgf/basiclayer/pgfcoreshade.code.tex
File: pgfcoreshade.code.tex 2023-01-15 v3.1.10 (3.1.10)
\pgf@max=\dimen191
\pgf@sys@shading@range@num=\count292
\pgf@shadingcount=\count293
)
(d:/Users/25785/AppData/Local/Programs/Latex/texlive/2023/texmf-dist/tex/generi
c/pgf/basiclayer/pgfcoreimage.code.tex
File: pgfcoreimage.code.tex 2023-01-15 v3.1.10 (3.1.10)
)
(d:/Users/25785/AppData/Local/Programs/Latex/texlive/2023/texmf-dist/tex/generi
c/pgf/basiclayer/pgfcoreexternal.code.tex
File: pgfcoreexternal.code.tex 2023-01-15 v3.1.10 (3.1.10)
\pgfexternal@startupbox=\box61
)
(d:/Users/25785/AppData/Local/Programs/Latex/texlive/2023/texmf-dist/tex/generi
c/pgf/basiclayer/pgfcorelayers.code.tex
File: pgfcorelayers.code.tex 2023-01-15 v3.1.10 (3.1.10)
)
(d:/Users/25785/AppData/Local/Programs/Latex/texlive/2023/texmf-dist/tex/generi
c/pgf/basiclayer/pgfcoretransparency.code.tex
File: pgfcoretransparency.code.tex 2023-01-15 v3.1.10 (3.1.10)
)
(d:/Users/25785/AppData/Local/Programs/Latex/texlive/2023/texmf-dist/tex/generi
c/pgf/basiclayer/pgfcorepatterns.code.tex
File: pgfcorepatterns.code.tex 2023-01-15 v3.1.10 (3.1.10)
)
(d:/Users/25785/AppData/Local/Programs/Latex/texlive/2023/texmf-dist/tex/generi
c/pgf/basiclayer/pgfcorerdf.code.tex
File: pgfcorerdf.code.tex 2023-01-15 v3.1.10 (3.1.10)
)))
(d:/Users/25785/AppData/Local/Programs/Latex/texlive/2023/texmf-dist/tex/generi
c/pgf/modules/pgfmoduleshapes.code.tex
File: pgfmoduleshapes.code.tex 2023-01-15 v3.1.10 (3.1.10)
\pgfnodeparttextbox=\box62
)
(d:/Users/25785/AppData/Local/Programs/Latex/texlive/2023/texmf-dist/tex/generi
c/pgf/modules/pgfmoduleplot.code.tex
File: pgfmoduleplot.code.tex 2023-01-15 v3.1.10 (3.1.10)
)
(d:/Users/25785/AppData/Local/Programs/Latex/texlive/2023/texmf-dist/tex/latex/
pgf/compatibility/pgfcomp-version-0-65.sty
Package: pgfcomp-version-0-65 2023-01-15 v3.1.10 (3.1.10)
\pgf@nodesepstart=\dimen192
\pgf@nodesepend=\dimen193
)
(d:/Users/25785/AppData/Local/Programs/Latex/texlive/2023/texmf-dist/tex/latex/
pgf/compatibility/pgfcomp-version-1-18.sty
Package: pgfcomp-version-1-18 2023-01-15 v3.1.10 (3.1.10)
))
(d:/Users/25785/AppData/Local/Programs/Latex/texlive/2023/texmf-dist/tex/latex/
tools/verbatim.sty
Package: verbatim 2022-07-02 v1.5u LaTeX2e package for verbatim enhancements
\every@verbatim=\toks34
\verbatim@line=\toks35
\verbatim@in@stream=\read3
)
(d:/Users/25785/AppData/Local/Programs/Latex/texlive/2023/texmf-dist/tex/latex/
environ/environ.sty
Package: environ 2014/05/04 v0.3 A new way to define environments

(d:/Users/25785/AppData/Local/Programs/Latex/texlive/2023/texmf-dist/tex/latex/
trimspaces/trimspaces.sty
Package: trimspaces 2009/09/17 v1.1 Trim spaces around a token list
))
(d:/Users/25785/AppData/Local/Programs/Latex/texlive/2023/texmf-dist/tex/latex/
etoolbox/etoolbox.sty
Package: etoolbox 2020/10/05 v2.5k e-TeX tools for LaTeX (JAW)
\etb@tempcnta=\count294
)
\tcb@titlebox=\box63
\tcb@upperbox=\box64
\tcb@lowerbox=\box65
\tcb@phantombox=\box66
\c@tcbbreakpart=\count295
\c@tcblayer=\count296
\c@tcolorbox@number=\count297
\tcb@temp=\box67
\tcb@temp=\box68
\tcb@temp=\box69
\tcb@temp=\box70
)
(d:/Users/25785/AppData/Local/Programs/Latex/texlive/2023/texmf-dist/tex/latex/
pgf/frontendlayer/tikz.sty
(d:/Users/25785/AppData/Local/Programs/Latex/texlive/2023/texmf-dist/tex/latex/
pgf/utilities/pgffor.sty
(d:/Users/25785/AppData/Local/Programs/Latex/texlive/2023/texmf-dist/tex/latex/
pgf/utilities/pgfkeys.sty
(d:/Users/25785/AppData/Local/Programs/Latex/texlive/2023/texmf-dist/tex/generi
c/pgf/utilities/pgfkeys.code.tex))
(d:/Users/25785/AppData/Local/Programs/Latex/texlive/2023/texmf-dist/tex/latex/
pgf/math/pgfmath.sty
(d:/Users/25785/AppData/Local/Programs/Latex/texlive/2023/texmf-dist/tex/generi
c/pgf/math/pgfmath.code.tex))
(d:/Users/25785/AppData/Local/Programs/Latex/texlive/2023/texmf-dist/tex/generi
c/pgf/utilities/pgffor.code.tex
Package: pgffor 2023-01-15 v3.1.10 (3.1.10)
\pgffor@iter=\dimen194
\pgffor@skip=\dimen195
\pgffor@stack=\toks36
\pgffor@toks=\toks37
))
(d:/Users/25785/AppData/Local/Programs/Latex/texlive/2023/texmf-dist/tex/generi
c/pgf/frontendlayer/tikz/tikz.code.tex
Package: tikz 2023-01-15 v3.1.10 (3.1.10)

(d:/Users/25785/AppData/Local/Programs/Latex/texlive/2023/texmf-dist/tex/generi
c/pgf/libraries/pgflibraryplothandlers.code.tex
File: pgflibraryplothandlers.code.tex 2023-01-15 v3.1.10 (3.1.10)
\pgf@plot@mark@count=\count298
\pgfplotmarksize=\dimen196
)
\tikz@lastx=\dimen197
\tikz@lasty=\dimen198
\tikz@lastxsaved=\dimen199
\tikz@lastysaved=\dimen256
\tikz@lastmovetox=\dimen257
\tikz@lastmovetoy=\dimen258
\tikzleveldistance=\dimen259
\tikzsiblingdistance=\dimen260
\tikz@figbox=\box71
\tikz@figbox@bg=\box72
\tikz@tempbox=\box73
\tikz@tempbox@bg=\box74
\tikztreelevel=\count299
\tikznumberofchildren=\count300
\tikznumberofcurrentchild=\count301
\tikz@fig@count=\count302

(d:/Users/25785/AppData/Local/Programs/Latex/texlive/2023/texmf-dist/tex/generi
c/pgf/modules/pgfmodulematrix.code.tex
File: pgfmodulematrix.code.tex 2023-01-15 v3.1.10 (3.1.10)
\pgfmatrixcurrentrow=\count303
\pgfmatrixcurrentcolumn=\count304
\pgf@matrix@numberofcolumns=\count305
)
\tikz@expandcount=\count306

(d:/Users/25785/AppData/Local/Programs/Latex/texlive/2023/texmf-dist/tex/generi
c/pgf/frontendlayer/tikz/libraries/tikzlibrarytopaths.code.tex
File: tikzlibrarytopaths.code.tex 2023-01-15 v3.1.10 (3.1.10)
)))
(d:/Users/25785/AppData/Local/Programs/Latex/texlive/2023/texmf-dist/tex/latex/
extarrows/extarrows.sty
Package: extarrows 2020/03/12 v1.2.0 Some extensible arrows
)
(d:/Users/25785/AppData/Local/Programs/Latex/texlive/2023/texmf-dist/tex/latex/
lastpage/lastpage.sty
Package: lastpage 2023/03/07 v2.0a lastpage: 2.09 or 2e? (HMM)

(d:/Users/25785/AppData/Local/Programs/Latex/texlive/2023/texmf-dist/tex/latex/
lastpage/lastpage2e.sty
Package: lastpage2e 2023/03/07 v2.0a Decide which 2e lastpage version to use (H
MM)

(d:/Users/25785/AppData/Local/Programs/Latex/texlive/2023/texmf-dist/tex/latex/
lastpage/lastpagemodern.sty
Package: lastpagemodern 2023-03-07 v2.0a Refers to last page's name (HMM; JPG)
) 
))
(d:/Users/25785/AppData/Local/Programs/Latex/texlive/2023/texmf-dist/tex/latex/
fancyhdr/fancyhdr.sty
Package: fancyhdr 2022/11/09 v4.1 Extensive control of page headers and footers

\f@nch@headwidth=\skip54
\f@nch@O@elh=\skip55
\f@nch@O@erh=\skip56
\f@nch@O@olh=\skip57
\f@nch@O@orh=\skip58
\f@nch@O@elf=\skip59
\f@nch@O@erf=\skip60
\f@nch@O@olf=\skip61
\f@nch@O@orf=\skip62
)
(d:/Users/25785/AppData/Local/Programs/Latex/texlive/2023/texmf-dist/tex/latex/
amsfonts/amssymb.sty
Package: amssymb 2013/01/14 v3.01 AMS font symbols

(d:/Users/25785/AppData/Local/Programs/Latex/texlive/2023/texmf-dist/tex/latex/
amsfonts/amsfonts.sty
Package: amsfonts 2013/01/14 v3.01 Basic AMSFonts support
\symAMSa=\mathgroup4
\symAMSb=\mathgroup5
LaTeX Font Info:    Redeclaring math symbol \hbar on input line 98.
LaTeX Font Info:    Overwriting math alphabet `\mathfrak' in version `bold'
(Font)                  U/euf/m/n --> U/euf/b/n on input line 106.
))
(d:/Users/25785/AppData/Local/Programs/Latex/texlive/2023/texmf-dist/tex/latex/
amscls/amsthm.sty
Package: amsthm 2020/05/29 v2.20.6
\thm@style=\toks38
\thm@bodyfont=\toks39
\thm@headfont=\toks40
\thm@notefont=\toks41
\thm@headpunct=\toks42
\thm@preskip=\skip63
\thm@postskip=\skip64
\thm@headsep=\skip65
\dth@everypar=\toks43
)
(d:/Users/25785/AppData/Local/Programs/Latex/texlive/2023/texmf-dist/tex/latex/
framed/framed.sty
Package: framed 2011/10/22 v 0.96: framed or shaded text with page breaks
\OuterFrameSep=\skip66
\fb@frw=\dimen261
\fb@frh=\dimen262
\FrameRule=\dimen263
\FrameSep=\dimen264
)
(d:/Users/25785/AppData/Local/Programs/Latex/texlive/2023/texmf-dist/tex/latex/
changepage/changepage.sty
Package: changepage 2009/10/20 v1.0c check page and change page layout
\c@cp@cntr=\count307
\cp@tempcnt=\count308
)
(d:/Users/25785/AppData/Local/Programs/Latex/texlive/2023/texmf-dist/tex/latex/
jknapltx/mathrsfs.sty
Package: mathrsfs 1996/01/01 Math RSFS package v1.0 (jk)
\symrsfs=\mathgroup6
)
(d:/Users/25785/AppData/Local/Programs/Latex/texlive/2023/texmf-dist/tex/latex/
booktabs/booktabs.sty
Package: booktabs 2020/01/12 v1.61803398 Publication quality tables
\heavyrulewidth=\dimen265
\lightrulewidth=\dimen266
\cmidrulewidth=\dimen267
\belowrulesep=\dimen268
\belowbottomsep=\dimen269
\aboverulesep=\dimen270
\abovetopsep=\dimen271
\cmidrulesep=\dimen272
\cmidrulekern=\dimen273
\defaultaddspace=\dimen274
\@cmidla=\count309
\@cmidlb=\count310
\@aboverulesep=\dimen275
\@belowrulesep=\dimen276
\@thisruleclass=\count311
\@lastruleclass=\count312
\@thisrulewidth=\dimen277
)
(d:/Users/25785/AppData/Local/Programs/Latex/texlive/2023/texmf-dist/tex/latex/
bbding/bbding.sty
Package: bbding 1999/04/15 v1.01 Dingbats symbols
)
(d:/Users/25785/AppData/Local/Programs/Latex/texlive/2023/texmf-dist/tex/latex/
listings/listings.sty
\lst@mode=\count313
\lst@gtempboxa=\box75
\lst@token=\toks44
\lst@length=\count314
\lst@currlwidth=\dimen278
\lst@column=\count315
\lst@pos=\count316
\lst@lostspace=\dimen279
\lst@width=\dimen280
\lst@newlines=\count317
\lst@lineno=\count318
\lst@maxwidth=\dimen281

(d:/Users/25785/AppData/Local/Programs/Latex/texlive/2023/texmf-dist/tex/latex/
listings/lstmisc.sty
File: lstmisc.sty 2023/02/27 1.9 (Carsten Heinz)
\c@lstnumber=\count319
\lst@skipnumbers=\count320
\lst@framebox=\box76
)
(d:/Users/25785/AppData/Local/Programs/Latex/texlive/2023/texmf-dist/tex/latex/
listings/listings.cfg
File: listings.cfg 2023/02/27 1.9 listings configuration
))
Package: listings 2023/02/27 1.9 (Carsten Heinz)

(d:/Users/25785/AppData/Local/Programs/Latex/texlive/2023/texmf-dist/tex/latex/
siunitx/siunitx.sty
Package: siunitx 2023-03-04 v3.2.2 A comprehensive (SI) units package
\l__siunitx_angle_tmp_dim=\dimen282
\l__siunitx_angle_marker_box=\box77
\l__siunitx_angle_unit_box=\box78
\l__siunitx_compound_count_int=\count321

(d:/Users/25785/AppData/Local/Programs/Latex/texlive/2023/texmf-dist/tex/latex/
translations/translations.sty
Package: translations 2022/02/05 v1.12 internationalization of LaTeX2e packages
 (CN)

(d:/Users/25785/AppData/Local/Programs/Latex/texlive/2023/texmf-dist/tex/generi
c/pdftexcmds/pdftexcmds.sty
Package: pdftexcmds 2020-06-27 v0.33 Utility functions of pdfTeX for LuaTeX (HO
)

(d:/Users/25785/AppData/Local/Programs/Latex/texlive/2023/texmf-dist/tex/generi
c/infwarerr/infwarerr.sty
Package: infwarerr 2019/12/03 v1.5 Providing info/warning/error messages (HO)
)
(d:/Users/25785/AppData/Local/Programs/Latex/texlive/2023/texmf-dist/tex/generi
c/ltxcmds/ltxcmds.sty
Package: ltxcmds 2020-05-10 v1.25 LaTeX kernel commands for general use (HO)
)
Package pdftexcmds Info: \pdf@primitive is available.
Package pdftexcmds Info: \pdf@ifprimitive is available.
Package pdftexcmds Info: \pdfdraftmode found.
))
\l__siunitx_number_exponent_fixed_int=\count322
\l__siunitx_number_min_decimal_int=\count323
\l__siunitx_number_min_integer_int=\count324
\l__siunitx_number_round_precision_int=\count325
\l__siunitx_number_lower_threshold_int=\count326
\l__siunitx_number_upper_threshold_int=\count327
\l__siunitx_number_group_first_int=\count328
\l__siunitx_number_group_size_int=\count329
\l__siunitx_number_group_minimum_int=\count330
\l__siunitx_table_tmp_box=\box79
\l__siunitx_table_tmp_dim=\dimen283
\l__siunitx_table_column_width_dim=\dimen284
\l__siunitx_table_integer_box=\box80
\l__siunitx_table_decimal_box=\box81
\l__siunitx_table_uncert_box=\box82
\l__siunitx_table_before_box=\box83
\l__siunitx_table_after_box=\box84
\l__siunitx_table_before_dim=\dimen285
\l__siunitx_table_carry_dim=\dimen286
\l__siunitx_unit_tmp_int=\count331
\l__siunitx_unit_position_int=\count332
\l__siunitx_unit_total_int=\count333

(d:/Users/25785/AppData/Local/Programs/Latex/texlive/2023/texmf-dist/tex/latex/
tools/array.sty
Package: array 2022/09/04 v2.5g Tabular extension package (FMi)
\col@sep=\dimen287
\ar@mcellbox=\box85
\extrarowheight=\dimen288
\NC@list=\toks45
\extratabsurround=\skip67
\backup@length=\skip68
\ar@cellbox=\box86
))
(d:/Users/25785/AppData/Local/Programs/Latex/texlive/2023/texmf-dist/tex/latex/
pdfpages/pdfpages.sty
Package: pdfpages 2022/12/19 v0.5x Insert pages of external PDF documents (AM)

(d:/Users/25785/AppData/Local/Programs/Latex/texlive/2023/texmf-dist/tex/latex/
base/ifthen.sty
Package: ifthen 2022/04/13 v1.1d Standard LaTeX ifthen package (DPC)
)
(d:/Users/25785/AppData/Local/Programs/Latex/texlive/2023/texmf-dist/tex/latex/
tools/calc.sty
Package: calc 2017/05/25 v4.3 Infix arithmetic (KKT,FJ)
\calc@Acount=\count334
\calc@Bcount=\count335
\calc@Adimen=\dimen289
\calc@Bdimen=\dimen290
\calc@Askip=\skip69
\calc@Bskip=\skip70
LaTeX Info: Redefining \setlength on input line 80.
LaTeX Info: Redefining \addtolength on input line 81.
\calc@Ccount=\count336
\calc@Cskip=\skip71
)
(d:/Users/25785/AppData/Local/Programs/Latex/texlive/2023/texmf-dist/tex/latex/
eso-pic/eso-pic.sty
Package: eso-pic 2020/10/14 v3.0a eso-pic (RN)
\ESO@tempdima=\dimen291
\ESO@tempdimb=\dimen292
)
\AM@pagewidth=\dimen293
\AM@pageheight=\dimen294
\AM@fboxrule=\dimen295

(d:/Users/25785/AppData/Local/Programs/Latex/texlive/2023/texmf-dist/tex/latex/
pdfpages/pppdftex.def
File: pppdftex.def 2022/12/19 v0.5x Pdfpages driver for pdfTeX (AM)
)
\pdfpages@includegraphics@status=\count337
\AM@pagebox=\box87
\AM@global@opts=\toks46
\AM@pagecnt=\count338
\AM@toc@title=\toks47
\AM@lof@heading=\toks48
\c@AM@survey=\count339
\AM@templatesizebox=\box88
)
(d:/Users/25785/AppData/Local/Programs/Latex/texlive/2023/texmf-dist/tex/latex/
hyperref/hyperref.sty
Package: hyperref 2023-02-07 v7.00v Hypertext links for LaTeX

(d:/Users/25785/AppData/Local/Programs/Latex/texlive/2023/texmf-dist/tex/latex/
kvsetkeys/kvsetkeys.sty
Package: kvsetkeys 2022-10-05 v1.19 Key value parser (HO)
)
(d:/Users/25785/AppData/Local/Programs/Latex/texlive/2023/texmf-dist/tex/generi
c/kvdefinekeys/kvdefinekeys.sty
Package: kvdefinekeys 2019-12-19 v1.6 Define keys (HO)
)
(d:/Users/25785/AppData/Local/Programs/Latex/texlive/2023/texmf-dist/tex/generi
c/pdfescape/pdfescape.sty
Package: pdfescape 2019/12/09 v1.15 Implements pdfTeX's escape features (HO)
)
(d:/Users/25785/AppData/Local/Programs/Latex/texlive/2023/texmf-dist/tex/latex/
hycolor/hycolor.sty
Package: hycolor 2020-01-27 v1.10 Color options for hyperref/bookmark (HO)
)
(d:/Users/25785/AppData/Local/Programs/Latex/texlive/2023/texmf-dist/tex/latex/
letltxmacro/letltxmacro.sty
Package: letltxmacro 2019/12/03 v1.6 Let assignment for LaTeX macros (HO)
)
(d:/Users/25785/AppData/Local/Programs/Latex/texlive/2023/texmf-dist/tex/latex/
auxhook/auxhook.sty
Package: auxhook 2019-12-17 v1.6 Hooks for auxiliary files (HO)
)
(d:/Users/25785/AppData/Local/Programs/Latex/texlive/2023/texmf-dist/tex/latex/
hyperref/nameref.sty
Package: nameref 2022-05-17 v2.50 Cross-referencing by name of section

(d:/Users/25785/AppData/Local/Programs/Latex/texlive/2023/texmf-dist/tex/latex/
refcount/refcount.sty
Package: refcount 2019/12/15 v3.6 Data extraction from label references (HO)
)
(d:/Users/25785/AppData/Local/Programs/Latex/texlive/2023/texmf-dist/tex/generi
c/gettitlestring/gettitlestring.sty
Package: gettitlestring 2019/12/15 v1.6 Cleanup title references (HO)

(d:/Users/25785/AppData/Local/Programs/Latex/texlive/2023/texmf-dist/tex/latex/
kvoptions/kvoptions.sty
Package: kvoptions 2022-06-15 v3.15 Key value format for package options (HO)
))
\c@section@level=\count340
)
\@linkdim=\dimen296
\Hy@linkcounter=\count341
\Hy@pagecounter=\count342

(d:/Users/25785/AppData/Local/Programs/Latex/texlive/2023/texmf-dist/tex/latex/
hyperref/pd1enc.def
File: pd1enc.def 2023-02-07 v7.00v Hyperref: PDFDocEncoding definition (HO)
Now handling font encoding PD1 ...
... no UTF-8 mapping file for font encoding PD1
)
(d:/Users/25785/AppData/Local/Programs/Latex/texlive/2023/texmf-dist/tex/generi
c/intcalc/intcalc.sty
Package: intcalc 2019/12/15 v1.3 Expandable calculations with integers (HO)
)
(d:/Users/25785/AppData/Local/Programs/Latex/texlive/2023/texmf-dist/tex/generi
c/etexcmds/etexcmds.sty
Package: etexcmds 2019/12/15 v1.7 Avoid name clashes with e-TeX commands (HO)
)
\Hy@SavedSpaceFactor=\count343

(d:/Users/25785/AppData/Local/Programs/Latex/texlive/2023/texmf-dist/tex/latex/
hyperref/puenc.def
File: puenc.def 2023-02-07 v7.00v Hyperref: PDF Unicode definition (HO)
Now handling font encoding PU ...
... no UTF-8 mapping file for font encoding PU
)
Package hyperref Info: Option `unicode' set `true' on input line 4060.
Package hyperref Info: Option `colorlinks' set `true' on input line 4060.
Package hyperref Info: Hyper figures OFF on input line 4177.
Package hyperref Info: Link nesting OFF on input line 4182.
Package hyperref Info: Hyper index ON on input line 4185.
Package hyperref Info: Plain pages OFF on input line 4192.
Package hyperref Info: Backreferencing OFF on input line 4197.
Package hyperref Info: Implicit mode ON; LaTeX internals redefined.
Package hyperref Info: Bookmarks ON on input line 4425.
\c@Hy@tempcnt=\count344

(d:/Users/25785/AppData/Local/Programs/Latex/texlive/2023/texmf-dist/tex/latex/
url/url.sty
\Urlmuskip=\muskip17
Package: url 2013/09/16  ver 3.4  Verb mode for urls, etc.
)
LaTeX Info: Redefining \url on input line 4763.
\XeTeXLinkMargin=\dimen297

(d:/Users/25785/AppData/Local/Programs/Latex/texlive/2023/texmf-dist/tex/generi
c/bitset/bitset.sty
Package: bitset 2019/12/09 v1.3 Handle bit-vector datatype (HO)

(d:/Users/25785/AppData/Local/Programs/Latex/texlive/2023/texmf-dist/tex/generi
c/bigintcalc/bigintcalc.sty
Package: bigintcalc 2019/12/15 v1.5 Expandable calculations on big integers (HO
)
))
\Fld@menulength=\count345
\Field@Width=\dimen298
\Fld@charsize=\dimen299
Package hyperref Info: Hyper figures OFF on input line 6042.
Package hyperref Info: Link nesting OFF on input line 6047.
Package hyperref Info: Hyper index ON on input line 6050.
Package hyperref Info: backreferencing OFF on input line 6057.
Package hyperref Info: Link coloring ON on input line 6060.
Package hyperref Info: Link coloring with OCG OFF on input line 6067.
Package hyperref Info: PDF/A mode OFF on input line 6072.

(d:/Users/25785/AppData/Local/Programs/Latex/texlive/2023/texmf-dist/tex/latex/
base/atbegshi-ltx.sty
Package: atbegshi-ltx 2021/01/10 v1.0c Emulation of the original atbegshi
package with kernel methods
)
\Hy@abspage=\count346
\c@Item=\count347
\c@Hfootnote=\count348
)
Package hyperref Info: Driver (autodetected): hpdftex.

(d:/Users/25785/AppData/Local/Programs/Latex/texlive/2023/texmf-dist/tex/latex/
hyperref/hpdftex.def
File: hpdftex.def 2023-02-07 v7.00v Hyperref driver for pdfTeX

(d:/Users/25785/AppData/Local/Programs/Latex/texlive/2023/texmf-dist/tex/latex/
base/atveryend-ltx.sty
Package: atveryend-ltx 2020/08/19 v1.0a Emulation of the original atveryend pac
kage
with kernel methods
)
\Fld@listcount=\count349
\c@bookmark@seq@number=\count350

(d:/Users/25785/AppData/Local/Programs/Latex/texlive/2023/texmf-dist/tex/latex/
rerunfilecheck/rerunfilecheck.sty
Package: rerunfilecheck 2022-07-10 v1.10 Rerun checks for auxiliary files (HO)

(d:/Users/25785/AppData/Local/Programs/Latex/texlive/2023/texmf-dist/tex/generi
c/uniquecounter/uniquecounter.sty
Package: uniquecounter 2019/12/15 v1.4 Provide unlimited unique counter (HO)
)
Package uniquecounter Info: New unique counter `rerunfilecheck' on input line 2
85.
)
\Hy@SectionHShift=\skip72
)
(d:/Users/25785/AppData/Local/Programs/Latex/texlive/2023/texmf-dist/tex/latex/
cleveref/cleveref.sty
Package: cleveref 2018/03/27 v0.21.4 Intelligent cross-referencing
Package cleveref Info: `hyperref' support loaded on input line 2370.
LaTeX Info: Redefining \cref on input line 2370.
LaTeX Info: Redefining \Cref on input line 2370.
LaTeX Info: Redefining \crefrange on input line 2370.
LaTeX Info: Redefining \Crefrange on input line 2370.
LaTeX Info: Redefining \cpageref on input line 2370.
LaTeX Info: Redefining \Cpageref on input line 2370.
LaTeX Info: Redefining \cpagerefrange on input line 2370.
LaTeX Info: Redefining \Cpagerefrange on input line 2370.
LaTeX Info: Redefining \labelcref on input line 2370.
LaTeX Info: Redefining \labelcpageref on input line 2370.
Package cleveref Info: `amsthm' support loaded on input line 3026.
Package cleveref Info: `listings' support loaded on input line 3131.
)
(d:/Users/25785/AppData/Local/Programs/Latex/texlive/2023/texmf-dist/tex/latex/
tcolorbox/tcbraster.code.tex
Library (tcolorbox): 'tcbraster.code.tex' version '6.0.1'
\c@tcbrastercolumn=\count351
\c@tcbrasterrow=\count352
\c@tcbrasternum=\count353
\c@tcbraster=\count354
)
(d:/Users/25785/AppData/Local/Programs/Latex/texlive/2023/texmf-dist/tex/latex/
tcolorbox/tcbskins.code.tex
Library (tcolorbox): 'tcbskins.code.tex' version '6.0.1'

(d:/Users/25785/AppData/Local/Programs/Latex/texlive/2023/texmf-dist/tex/latex/
tikzfill/tikzfill.image.sty
Package: tikzfill.image 2022/07/20 v1.0.0 Image filling library for TikZ

(d:/Users/25785/AppData/Local/Programs/Latex/texlive/2023/texmf-dist/tex/latex/
tikzfill/tikzfill-common.sty
Package: tikzfill-common 2022/07/20 v1.0.0 Auxiliary code for tikzfill
)
(d:/Users/25785/AppData/Local/Programs/Latex/texlive/2023/texmf-dist/tex/latex/
tikzfill/tikzlibraryfill.image.code.tex
File: tikzlibraryfill.image.code.tex 2022/07/20 v1.0.0 Image filling library
\l__tikzfill_img_box=\box89
))
(d:/Users/25785/AppData/Local/Programs/Latex/texlive/2023/texmf-dist/tex/latex/
tcolorbox/tcbskinsjigsaw.code.tex
Library (tcolorbox): 'tcbskinsjigsaw.code.tex' version '6.0.1'
))
(d:/Users/25785/AppData/Local/Programs/Latex/texlive/2023/texmf-dist/tex/latex/
tcolorbox/tcbbreakable.code.tex
Library (tcolorbox): 'tcbbreakable.code.tex' version '6.0.1'

(d:/Users/25785/AppData/Local/Programs/Latex/texlive/2023/texmf-dist/tex/latex/
pdfcol/pdfcol.sty
Package: pdfcol 2022-09-21 v1.7 Handle new color stacks for pdfTeX (HO)
)
Package pdfcol Info: New color stack `tcb@breakable' = 1 on input line 23.
\tcb@testbox=\box90
\tcb@totalupperbox=\box91
\tcb@totallowerbox=\box92
)
(d:/Users/25785/AppData/Local/Programs/Latex/texlive/2023/texmf-dist/tex/latex/
tcolorbox/tcbhooks.code.tex
Library (tcolorbox): 'tcbhooks.code.tex' version '6.0.1'
)
(d:/Users/25785/AppData/Local/Programs/Latex/texlive/2023/texmf-dist/tex/latex/
tcolorbox/tcbtheorems.code.tex
Library (tcolorbox): 'tcbtheorems.code.tex' version '6.0.1'
)
(d:/Users/25785/AppData/Local/Programs/Latex/texlive/2023/texmf-dist/tex/latex/
tcolorbox/tcbfitting.code.tex
Library (tcolorbox): 'tcbfitting.code.tex' version '6.0.1'
\tcbfitdim=\dimen300
\tcb@lowerfitdim=\dimen301
\tcb@upperfitdim=\dimen302
\tcb@cur@hbadness=\count355
)
(d:/Users/25785/AppData/Local/Programs/Latex/texlive/2023/texmf-dist/tex/latex/
tcolorbox/tcblistingsutf8.code.tex
Library (tcolorbox): 'tcblistingsutf8.code.tex' version '6.0.1'

(d:/Users/25785/AppData/Local/Programs/Latex/texlive/2023/texmf-dist/tex/latex/
tcolorbox/tcblistings.code.tex
Library (tcolorbox): 'tcblistings.code.tex' version '6.0.1'

(d:/Users/25785/AppData/Local/Programs/Latex/texlive/2023/texmf-dist/tex/latex/
tcolorbox/tcblistingscore.code.tex
Library (tcolorbox): 'tcblistingscore.code.tex' version '6.0.1'

(d:/Users/25785/AppData/Local/Programs/Latex/texlive/2023/texmf-dist/tex/latex/
tcolorbox/tcbprocessing.code.tex
Library (tcolorbox): 'tcbprocessing.code.tex' version '6.0.1'

(d:/Users/25785/AppData/Local/Programs/Latex/texlive/2023/texmf-dist/tex/latex/
tools/shellesc.sty
Package: shellesc 2019/11/08 v1.0c unified shell escape interface for LaTeX
Package shellesc Info: Restricted shell escape enabled on input line 77.
))
\c@tcblisting=\count356
))
(d:/Users/25785/AppData/Local/Programs/Latex/texlive/2023/texmf-dist/tex/latex/
listingsutf8/listingsutf8.sty
Package: listingsutf8 2019-12-10 v1.5 Allow UTF-8 in listings input (HO)

(d:/Users/25785/AppData/Local/Programs/Latex/texlive/2023/texmf-dist/tex/generi
c/stringenc/stringenc.sty
Package: stringenc 2019/11/29 v1.12 Convert strings between diff. encodings (HO
)
)))
(d:/Users/25785/AppData/Local/Programs/Latex/texlive/2023/texmf-dist/tex/latex/
tcolorbox/tcbexternal.code.tex
Library (tcolorbox): 'tcbexternal.code.tex' version '6.0.1'
)
(d:/Users/25785/AppData/Local/Programs/Latex/texlive/2023/texmf-dist/tex/latex/
tcolorbox/tcbmagazine.code.tex
Library (tcolorbox): 'tcbmagazine.code.tex' version '6.0.1'
)
(d:/Users/25785/AppData/Local/Programs/Latex/texlive/2023/texmf-dist/tex/latex/
tcolorbox/tcbvignette.code.tex
Library (tcolorbox): 'tcbvignette.code.tex' version '6.0.1'

(d:/Users/25785/AppData/Local/Programs/Latex/texlive/2023/texmf-dist/tex/generi
c/pgf/frontendlayer/tikz/libraries/tikzlibraryfadings.code.tex
File: tikzlibraryfadings.code.tex 2023-01-15 v3.1.10 (3.1.10)

(d:/Users/25785/AppData/Local/Programs/Latex/texlive/2023/texmf-dist/tex/generi
c/pgf/libraries/pgflibraryfadings.code.tex
File: pgflibraryfadings.code.tex 2023-01-15 v3.1.10 (3.1.10)
)))
(d:/Users/25785/AppData/Local/Programs/Latex/texlive/2023/texmf-dist/tex/latex/
tcolorbox/tcbposter.code.tex
Library (tcolorbox): 'tcbposter.code.tex' version '6.0.1'
)
(d:/Users/25785/AppData/Local/Programs/Latex/texlive/2023/texmf-dist/tex/latex/
geometry/geometry.sty
Package: geometry 2020/01/02 v5.9 Page Geometry

(d:/Users/25785/AppData/Local/Programs/Latex/texlive/2023/texmf-dist/tex/generi
c/iftex/ifvtex.sty
Package: ifvtex 2019/10/25 v1.7 ifvtex legacy package. Use iftex instead.
)
\Gm@cnth=\count357
\Gm@cntv=\count358
\c@Gm@tempcnt=\count359
\Gm@bindingoffset=\dimen303
\Gm@wd@mp=\dimen304
\Gm@odd@mp=\dimen305
\Gm@even@mp=\dimen306
\Gm@layoutwidth=\dimen307
\Gm@layoutheight=\dimen308
\Gm@layouthoffset=\dimen309
\Gm@layoutvoffset=\dimen310
\Gm@dimlist=\toks49
)
(d:/Users/25785/AppData/Local/Programs/Latex/texlive/2023/texmf-dist/tex/latex/
caption/caption.sty
Package: caption 2023/03/12 v3.6j Customizing captions (AR)

(d:/Users/25785/AppData/Local/Programs/Latex/texlive/2023/texmf-dist/tex/latex/
caption/caption3.sty
Package: caption3 2023/03/12 v2.4 caption3 kernel (AR)
\caption@tempdima=\dimen311
\captionmargin=\dimen312
\caption@leftmargin=\dimen313
\caption@rightmargin=\dimen314
\caption@width=\dimen315
\caption@indent=\dimen316
\caption@parindent=\dimen317
\caption@hangindent=\dimen318
Package caption Info: Standard document class detected.
)
\c@caption@flags=\count360
\c@continuedfloat=\count361
Package caption Info: changepage package is loaded.
\caption@adjustwidth@hsize=\dimen319
\caption@adjustwidth@linewidth=\dimen320
Package caption Info: hyperref package is loaded.
Package caption Info: listings package is loaded.
)
\doublelineskip=\dimen321

(d:/Users/25785/AppData/Local/Programs/Latex/texlive/2023/texmf-dist/tex/latex/
multirow/multirow.sty
Package: multirow 2021/03/15 v2.8 Span multiple rows of a table
\multirow@colwidth=\skip73
\multirow@cntb=\count362
\multirow@dima=\skip74
\bigstrutjot=\dimen322
)
(d:/Users/25785/AppData/Local/Programs/Latex/texlive/2023/texmf-dist/tex/latex/
adjustbox/adjustbox.sty
Package: adjustbox 2022/10/17 v1.3a Adjusting TeX boxes (trim, clip, ...)

(d:/Users/25785/AppData/Local/Programs/Latex/texlive/2023/texmf-dist/tex/latex/
xkeyval/xkeyval.sty
Package: xkeyval 2022/06/16 v2.9 package option processing (HA)

(d:/Users/25785/AppData/Local/Programs/Latex/texlive/2023/texmf-dist/tex/generi
c/xkeyval/xkeyval.tex
(d:/Users/25785/AppData/Local/Programs/Latex/texlive/2023/texmf-dist/tex/generi
c/xkeyval/xkvutils.tex
\XKV@toks=\toks50
\XKV@tempa@toks=\toks51
)
\XKV@depth=\count363
File: xkeyval.tex 2014/12/03 v2.7a key=value parser (HA)
))
(d:/Users/25785/AppData/Local/Programs/Latex/texlive/2023/texmf-dist/tex/latex/
adjustbox/adjcalc.sty
Package: adjcalc 2012/05/16 v1.1 Provides advanced setlength with multiple back
-ends (calc, etex, pgfmath)
)
(d:/Users/25785/AppData/Local/Programs/Latex/texlive/2023/texmf-dist/tex/latex/
adjustbox/trimclip.sty
Package: trimclip 2020/08/19 v1.2 Trim and clip general TeX material

(d:/Users/25785/AppData/Local/Programs/Latex/texlive/2023/texmf-dist/tex/latex/
collectbox/collectbox.sty
Package: collectbox 2022/10/17 v0.4c Collect macro arguments as boxes
\collectedbox=\box93
)
\tc@llx=\dimen323
\tc@lly=\dimen324
\tc@urx=\dimen325
\tc@ury=\dimen326
Package trimclip Info: Using driver 'tc-pdftex.def'.

(d:/Users/25785/AppData/Local/Programs/Latex/texlive/2023/texmf-dist/tex/latex/
adjustbox/tc-pdftex.def
File: tc-pdftex.def 2019/01/04 v2.2 Clipping driver for pdftex
))
\adjbox@Width=\dimen327
\adjbox@Height=\dimen328
\adjbox@Depth=\dimen329
\adjbox@Totalheight=\dimen330
\adjbox@pwidth=\dimen331
\adjbox@pheight=\dimen332
\adjbox@pdepth=\dimen333
\adjbox@ptotalheight=\dimen334

(d:/Users/25785/AppData/Local/Programs/Latex/texlive/2023/texmf-dist/tex/latex/
ifoddpage/ifoddpage.sty
Package: ifoddpage 2022/10/18 v1.2 Conditionals for odd/even page detection
\c@checkoddpage=\count364
LaTeX Info: Redefining \checkoddpage on input line 45.
)
(d:/Users/25785/AppData/Local/Programs/Latex/texlive/2023/texmf-dist/tex/latex/
varwidth/varwidth.sty
Package: varwidth 2009/03/30 ver 0.92;  Variable-width minipages
\@vwid@box=\box94
\sift@deathcycles=\count365
\@vwid@loff=\dimen335
\@vwid@roff=\dimen336
))
(d:/Users/25785/AppData/Local/Programs/Latex/texlive/2023/texmf-dist/tex/latex/
cjk/texinput/UTF8/UTF8.enc
File: UTF8.enc 2021/10/16 4.8.5
)
(d:/Users/25785/AppData/Local/Programs/Latex/texlive/2023/texmf-dist/tex/latex/
cjk/texinput/UTF8/UTF8.chr
File: UTF8.chr 2021/10/16 4.8.5
)
Package translations Info: No language package found. I am going to use `englis
h' as default language. on input line 75.
 (./Final Project.aux)
\openout1 = `"Final Project.aux"'.

LaTeX Font Info:    Checking defaults for OML/cmm/m/it on input line 75.
LaTeX Font Info:    ... okay on input line 75.
LaTeX Font Info:    Checking defaults for OMS/cmsy/m/n on input line 75.
LaTeX Font Info:    ... okay on input line 75.
LaTeX Font Info:    Checking defaults for OT1/cmr/m/n on input line 75.
LaTeX Font Info:    ... okay on input line 75.
LaTeX Font Info:    Checking defaults for T1/cmr/m/n on input line 75.
LaTeX Font Info:    ... okay on input line 75.
LaTeX Font Info:    Checking defaults for TS1/cmr/m/n on input line 75.
LaTeX Font Info:    ... okay on input line 75.
LaTeX Font Info:    Checking defaults for OMX/cmex/m/n on input line 75.
LaTeX Font Info:    ... okay on input line 75.
LaTeX Font Info:    Checking defaults for U/cmr/m/n on input line 75.
LaTeX Font Info:    ... okay on input line 75.
LaTeX Font Info:    Checking defaults for C00/song/m/n on input line 75.
LaTeX Font Info:    ... okay on input line 75.
LaTeX Font Info:    Checking defaults for C05/song/m/n on input line 75.
LaTeX Font Info:    ... okay on input line 75.
LaTeX Font Info:    Checking defaults for C09/song/m/n on input line 75.
LaTeX Font Info:    ... okay on input line 75.
LaTeX Font Info:    Checking defaults for C10/song/m/n on input line 75.
LaTeX Font Info:    ... okay on input line 75.
LaTeX Font Info:    Checking defaults for C20/song/m/n on input line 75.
LaTeX Font Info:    ... okay on input line 75.
LaTeX Font Info:    Checking defaults for C19/song/m/n on input line 75.
LaTeX Font Info:    ... okay on input line 75.
LaTeX Font Info:    Checking defaults for C40/song/m/n on input line 75.
LaTeX Font Info:    ... okay on input line 75.
LaTeX Font Info:    Checking defaults for C42/song/m/n on input line 75.
LaTeX Font Info:    ... okay on input line 75.
LaTeX Font Info:    Checking defaults for C43/song/m/n on input line 75.
LaTeX Font Info:    ... okay on input line 75.
LaTeX Font Info:    Checking defaults for C50/song/m/n on input line 75.
LaTeX Font Info:    ... okay on input line 75.
LaTeX Font Info:    Checking defaults for C52/song/m/n on input line 75.
LaTeX Font Info:    ... okay on input line 75.
LaTeX Font Info:    Checking defaults for C49/song/m/n on input line 75.
LaTeX Font Info:    ... okay on input line 75.
LaTeX Font Info:    Checking defaults for C60/mj/m/n on input line 75.
LaTeX Font Info:    ... okay on input line 75.
LaTeX Font Info:    Checking defaults for C61/mj/m/n on input line 75.
LaTeX Font Info:    ... okay on input line 75.
LaTeX Font Info:    Checking defaults for C63/mj/m/n on input line 75.
LaTeX Font Info:    ... okay on input line 75.
LaTeX Font Info:    Checking defaults for C64/mj/m/n on input line 75.
LaTeX Font Info:    ... okay on input line 75.
LaTeX Font Info:    Checking defaults for C65/mj/m/n on input line 75.
LaTeX Font Info:    ... okay on input line 75.
LaTeX Font Info:    Checking defaults for C70/song/m/n on input line 75.
LaTeX Font Info:    ... okay on input line 75.
LaTeX Font Info:    Checking defaults for C31/song/m/n on input line 75.
LaTeX Font Info:    ... okay on input line 75.
LaTeX Font Info:    Checking defaults for C32/song/m/n on input line 75.
LaTeX Font Info:    ... okay on input line 75.
LaTeX Font Info:    Checking defaults for C33/song/m/n on input line 75.
LaTeX Font Info:    ... okay on input line 75.
LaTeX Font Info:    Checking defaults for C34/song/m/n on input line 75.
LaTeX Font Info:    ... okay on input line 75.
LaTeX Font Info:    Checking defaults for C35/song/m/n on input line 75.
LaTeX Font Info:    ... okay on input line 75.
LaTeX Font Info:    Checking defaults for C36/song/m/n on input line 75.
LaTeX Font Info:    ... okay on input line 75.
LaTeX Font Info:    Checking defaults for C37/song/m/n on input line 75.
LaTeX Font Info:    ... okay on input line 75.
LaTeX Font Info:    Checking defaults for C80/song/m/n on input line 75.
LaTeX Font Info:    ... okay on input line 75.
LaTeX Font Info:    Checking defaults for C81/song/m/n on input line 75.
LaTeX Font Info:    ... okay on input line 75.
LaTeX Font Info:    Checking defaults for C01/song/m/n on input line 75.
LaTeX Font Info:    ... okay on input line 75.
LaTeX Font Info:    Checking defaults for C11/song/m/n on input line 75.
LaTeX Font Info:    ... okay on input line 75.
LaTeX Font Info:    Checking defaults for C21/song/m/n on input line 75.
LaTeX Font Info:    ... okay on input line 75.
LaTeX Font Info:    Checking defaults for C41/song/m/n on input line 75.
LaTeX Font Info:    ... okay on input line 75.
LaTeX Font Info:    Checking defaults for C62/song/m/n on input line 75.
LaTeX Font Info:    ... okay on input line 75.
LaTeX Font Info:    Checking defaults for PD1/pdf/m/n on input line 75.
LaTeX Font Info:    ... okay on input line 75.
LaTeX Font Info:    Checking defaults for PU/pdf/m/n on input line 75.
LaTeX Font Info:    ... okay on input line 75.

(d:/Users/25785/AppData/Local/Programs/Latex/texlive/2023/texmf-dist/tex/contex
t/base/mkii/supp-pdf.mkii
[Loading MPS to PDF converter (version 2006.09.02).]
\scratchcounter=\count366
\scratchdimen=\dimen337
\scratchbox=\box95
\nofMPsegments=\count367
\nofMParguments=\count368
\everyMPshowfont=\toks52
\MPscratchCnt=\count369
\MPscratchDim=\dimen338
\MPnumerator=\count370
\makeMPintoPDFobject=\count371
\everyMPtoPDFconversion=\toks53
)
(d:/Users/25785/AppData/Local/Programs/Latex/texlive/2023/texmf-dist/tex/latex/
epstopdf-pkg/epstopdf-base.sty
Package: epstopdf-base 2020-01-24 v2.11 Base part for package epstopdf
Package epstopdf-base Info: Redefining graphics rule for `.eps' on input line 4
85.

(d:/Users/25785/AppData/Local/Programs/Latex/texlive/2023/texmf-dist/tex/latex/
latexconfig/epstopdf-sys.cfg
File: epstopdf-sys.cfg 2010/07/13 v1.3 Configuration of (r)epstopdf for TeX Liv
e
))
\c@lstlisting=\count372

(d:/Users/25785/AppData/Local/Programs/Latex/texlive/2023/texmf-dist/tex/latex/
translations/translations-basic-dictionary-english.trsl
File: translations-basic-dictionary-english.trsl (english translation file `tra
nslations-basic-dictionary')
)
Package translations Info: loading dictionary `translations-basic-dictionary' f
or `english'. on input line 75.

(d:/Users/25785/AppData/Local/Programs/Latex/texlive/2023/texmf-dist/tex/latex/
pdflscape/pdflscape.sty
Package: pdflscape 2022-10-27 v0.13 Display of landscape pages in PDF

(d:/Users/25785/AppData/Local/Programs/Latex/texlive/2023/texmf-dist/tex/latex/
pdflscape/pdflscape-nometadata.sty
Package: pdflscape-nometadata 2022-10-28 v0.13 Display of landscape pages in PD
F (HO)

(d:/Users/25785/AppData/Local/Programs/Latex/texlive/2023/texmf-dist/tex/latex/
graphics/lscape.sty
Package: lscape 2020/05/28 v3.02 Landscape Pages (DPC)
)
Package pdflscape Info: Auto-detected driver: pdftex on input line 81.
))
Package hyperref Info: Link coloring ON on input line 75.
 (./Final Project.out) (./Final Project.out)
\@outlinefile=\write4
\openout4 = `"Final Project.out"'.


*geometry* driver: auto-detecting
*geometry* detected driver: pdftex
*geometry* verbose mode - [ preamble ] result:
* driver: pdftex
* paper: a4paper
* layout: <same size as paper>
* layoutoffset:(h,v)=(0.0pt,0.0pt)
* modes: 
* h-part:(L,W,R)=(71.13188pt, 455.24411pt, 71.13188pt)
* v-part:(T,H,B)=(71.13188pt, 702.78308pt, 71.13188pt)
* \paperwidth=597.50787pt
* \paperheight=845.04684pt
* \textwidth=455.24411pt
* \textheight=702.78308pt
* \oddsidemargin=-1.1381pt
* \evensidemargin=-1.1381pt
* \topmargin=-38.1381pt
* \headheight=21.0pt
* \headsep=25.0pt
* \topskip=10.0pt
* \footskip=30.0pt
* \marginparwidth=65.0pt
* \marginparsep=11.0pt
* \columnsep=10.0pt
* \skip\footins=9.0pt plus 4.0pt minus 2.0pt
* \hoffset=0.0pt
* \voffset=0.0pt
* \mag=1000
* \@twocolumnfalse
* \@twosidefalse
* \@mparswitchfalse
* \@reversemarginfalse
* (1in=72.27pt=25.4mm, 1cm=28.453pt)

Package caption Info: Begin \AtBeginDocument code.
Package caption Info: End \AtBeginDocument code.
LaTeX Font Info:    Trying to load font information for U+msa on input line 77.


(d:/Users/25785/AppData/Local/Programs/Latex/texlive/2023/texmf-dist/tex/latex/
amsfonts/umsa.fd
File: umsa.fd 2013/01/14 v3.01 AMS symbols A
)
LaTeX Font Info:    Trying to load font information for U+msb on input line 77.


(d:/Users/25785/AppData/Local/Programs/Latex/texlive/2023/texmf-dist/tex/latex/
amsfonts/umsb.fd
File: umsb.fd 2013/01/14 v3.01 AMS symbols B
)
LaTeX Font Info:    Trying to load font information for U+rsfs on input line 77
.

(d:/Users/25785/AppData/Local/Programs/Latex/texlive/2023/texmf-dist/tex/latex/
jknapltx/ursfs.fd
File: ursfs.fd 1998/03/24 rsfs font definition file (jk)
)
<Pics/1.jpg, id=167, 858.20625pt x 476.27937pt>
File: Pics/1.jpg Graphic file (type jpg)
<use Pics/1.jpg>
Package pdftex.def Info: Pics/1.jpg  used on input line 79.
(pdftex.def)             Requested size: 429.10208pt x 238.1391pt.


LaTeX Font Warning: Font shape `U/rsfs/m/n' in size <10.53937> not available
(Font)              size <10.95> substituted on input line 82.


(d:/Users/25785/AppData/Local/Programs/Latex/texlive/2023/texmf-dist/tex/generi
c/ctex/zhmap/ctex-zhmap-windows.tex
File: ctex-zhmap-windows.tex 2022/07/14 v2.5.10 Windows font map loader for pdf
TeX and DVIPDFMx (CTEX)
{d:/Users/25785/AppData/Local/Programs/Latex/texlive/2023/texmf-var/fonts/map/p
dftex/updmap/pdftex.map}{UGBK.sfd}{Unicode.sfd}) [1

 <./Pics/1.jpg>] (./Final Project.toc)
\tf@toc=\write5
\openout5 = `"Final Project.toc"'.

 [1

]
pdfTeX warning (ext4): destination with the same identifier (name{page.1}) has 
been already used, duplicate ignored
<to be read again> 
                   \relax 
l.117 	\clearpage
                  [1

{d:/Users/25785/AppData/Local/Programs/Latex/texlive/2023/texmf-dist/fonts/enc/
dvips/cm-super/cm-super-ts1.enc}]
<Pics/001.jpg, id=231, 197.73875pt x 244.41313pt>
File: Pics/001.jpg Graphic file (type jpg)
<use Pics/001.jpg>
Package pdftex.def Info: Pics/001.jpg  used on input line 123.
(pdftex.def)             Requested size: 138.41617pt x 171.08801pt.
<Pics/Mouse.png, id=233, 267.24844pt x 269.50688pt>
File: Pics/Mouse.png Graphic file (type png)
<use Pics/Mouse.png>
Package pdftex.def Info: Pics/Mouse.png  used on input line 139.
(pdftex.def)             Requested size: 106.89748pt x 107.80083pt.
<Pics/Mouse2.png, id=234, 283.0575pt x 296.60812pt>
File: Pics/Mouse2.png Graphic file (type png)
<use Pics/Mouse2.png>
Package pdftex.def Info: Pics/Mouse2.png  used on input line 144.
(pdftex.def)             Requested size: 113.22098pt x 118.64114pt.
 [2

 <./Pics/001.jpg> <./Pics/Mouse.png> <./Pics/Mouse2.png>]
<Pics/004.png, id=245, 505.74545pt x 505.74545pt>
File: Pics/004.png Graphic file (type png)
<use Pics/004.png>
Package pdftex.def Info: Pics/004.png  used on input line 165.
(pdftex.def)             Requested size: 252.8721pt x 252.8721pt.
 [3

 <./Pics/004.png>]
<Pics/005.png, id=257, 505.74545pt x 505.74545pt>
File: Pics/005.png Graphic file (type png)
<use Pics/005.png>
Package pdftex.def Info: Pics/005.png  used on input line 175.
(pdftex.def)             Requested size: 354.0194pt x 354.0194pt.
 [4

 <./Pics/005.png>]
<Pics/006.png, id=265, 505.74545pt x 505.74545pt>
File: Pics/006.png Graphic file (type png)
<use Pics/006.png>
Package pdftex.def Info: Pics/006.png  used on input line 191.
(pdftex.def)             Requested size: 252.8721pt x 252.8721pt.
<Pics/002.png, id=266, 505.74545pt x 505.74545pt>
File: Pics/002.png Graphic file (type png)
<use Pics/002.png>
Package pdftex.def Info: Pics/002.png  used on input line 200.
(pdftex.def)             Requested size: 202.29459pt x 202.29459pt.
<Pics/003.png, id=267, 505.74545pt x 505.74545pt>
File: Pics/003.png Graphic file (type png)
<use Pics/003.png>
Package pdftex.def Info: Pics/003.png  used on input line 205.
(pdftex.def)             Requested size: 202.29459pt x 202.29459pt.

[5

 <./Pics/006.png> <./Pics/002.png> <./Pics/003.png>]
<Pics/007.png, id=281, 598.235pt x 252.945pt>
File: Pics/007.png Graphic file (type png)
<use Pics/007.png>
Package pdftex.def Info: Pics/007.png  used on input line 236.
(pdftex.def)             Requested size: 358.94377pt x 151.76816pt.
 [6

 <./Pics/007.png>]
<Pics/008.png, id=291, 505.74545pt x 505.74545pt>
File: Pics/008.png Graphic file (type png)
<use Pics/008.png>
Package pdftex.def Info: Pics/008.png  used on input line 270.
(pdftex.def)             Requested size: 151.72481pt x 151.72481pt.
<Pics/009.png, id=292, 505.74545pt x 505.74545pt>
File: Pics/009.png Graphic file (type png)
<use Pics/009.png>
Package pdftex.def Info: Pics/009.png  used on input line 275.
(pdftex.def)             Requested size: 151.72481pt x 151.72481pt.

[7

 <./Pics/008.png> <./Pics/009.png>]
<Pics/010.png, id=300, 505.74545pt x 505.74545pt>
File: Pics/010.png Graphic file (type png)
<use Pics/010.png>
Package pdftex.def Info: Pics/010.png  used on input line 285.
(pdftex.def)             Requested size: 151.72481pt x 151.72481pt.
<Pics/021.png, id=301, 484.05844pt x 475.02469pt>
File: Pics/021.png Graphic file (type png)
<use Pics/021.png>
Package pdftex.def Info: Pics/021.png  used on input line 293.
(pdftex.def)             Requested size: 193.61993pt x 190.0065pt.
 [8

 <./Pics/010.png> <./Pics/021.png>]
<Pics/011.png, id=311, 505.74545pt x 505.74545pt>
File: Pics/011.png Graphic file (type png)
<use Pics/011.png>
Package pdftex.def Info: Pics/011.png  used on input line 301.
(pdftex.def)             Requested size: 202.29459pt x 202.29459pt.

[9

 <./Pics/011.png>]
<Pics/012.png, id=319, 505.74545pt x 505.74545pt>
File: Pics/012.png Graphic file (type png)
<use Pics/012.png>
Package pdftex.def Info: Pics/012.png  used on input line 330.
(pdftex.def)             Requested size: 136.55309pt x 136.55309pt.
<Pics/015.png, id=320, 505.74545pt x 505.74545pt>
File: Pics/015.png Graphic file (type png)
<use Pics/015.png>
Package pdftex.def Info: Pics/015.png  used on input line 335.
(pdftex.def)             Requested size: 136.55309pt x 136.55309pt.
<Pics/013.png, id=321, 505.74545pt x 505.74545pt>
File: Pics/013.png Graphic file (type png)
<use Pics/013.png>
Package pdftex.def Info: Pics/013.png  used on input line 344.
(pdftex.def)             Requested size: 136.55309pt x 136.55309pt.
<Pics/014.png, id=322, 505.74545pt x 505.74545pt>
File: Pics/014.png Graphic file (type png)
<use Pics/014.png>
Package pdftex.def Info: Pics/014.png  used on input line 349.
(pdftex.def)             Requested size: 136.55309pt x 136.55309pt.
 [10

 <./Pics/012.png> <./Pics/015.png> <./Pics/013.png> <./Pics/014.png>] [11

] [12

]
Underfull \hbox (badness 10000) in paragraph at lines 421--421
[]|\OT1/cmr/m/n/10.53937 Cross-Session Fea-ture
 []

<Pics/pca_scree_plot.png, id=345, 803.0pt x 602.25pt>
File: Pics/pca_scree_plot.png Graphic file (type png)
<use Pics/pca_scree_plot.png>
Package pdftex.def Info: Pics/pca_scree_plot.png  used on input line 446.
(pdftex.def)             Requested size: 321.1943pt x 240.89572pt.
[13

] [14 <./Pics/pca_scree_plot.png>]
<Pics/15.png, id=359, 505.74545pt x 505.74545pt>
File: Pics/15.png Graphic file (type png)
<use Pics/15.png>
Package pdftex.def Info: Pics/15.png  used on input line 465.
(pdftex.def)             Requested size: 202.29459pt x 202.29459pt.
<Pics/16.png, id=360, 505.74545pt x 505.74545pt>
File: Pics/16.png Graphic file (type png)
<use Pics/16.png>
Package pdftex.def Info: Pics/16.png  used on input line 470.
(pdftex.def)             Requested size: 202.29459pt x 202.29459pt.
 [15

 <./Pics/15.png> <./Pics/16.png>]
[16

]
<Pics/lasso_cv_plot.png, id=372, 578.16pt x 385.44pt>
File: Pics/lasso_cv_plot.png Graphic file (type png)
<use Pics/lasso_cv_plot.png>
Package pdftex.def Info: Pics/lasso_cv_plot.png  used on input line 490.
(pdftex.def)             Requested size: 289.07928pt x 192.71953pt.
 [17

 <./Pics/lasso_cv_plot.png>]
LaTeX Font Info:    Trying to load font information for C70+rm on input line 52
5.

(d:/Users/25785/AppData/Local/Programs/Latex/texlive/2023/texmf-dist/tex/latex/
ctex/fd/c70rm.fd
File: c70rm.fd 2022/07/14 v2.5.10 Chinese font definition (CTEX)
) [18

]
<Pics/20.png, id=388, 505.74545pt x 505.74545pt>
File: Pics/20.png Graphic file (type png)
<use Pics/20.png>
Package pdftex.def Info: Pics/20.png  used on input line 558.
(pdftex.def)             Requested size: 151.72481pt x 151.72481pt.
 [19

 <./Pics/20.png>] [20]
<Pics/ROC_Curve.png, id=401, 385.44pt x 385.44pt>
File: Pics/ROC_Curve.png Graphic file (type png)
<use Pics/ROC_Curve.png>
Package pdftex.def Info: Pics/ROC_Curve.png  used on input line 613.
(pdftex.def)             Requested size: 192.71953pt x 192.71953pt.
 [21

 <./Pics/ROC_Curve.png>]
[22

] [23

] [24

] [25

] 
enddocument/afterlastpage: lastpage setting LastPage.
(./Final Project.aux)

LaTeX Font Warning: Size substitutions with differences
(Font)              up to 0.41063pt have occurred.

Package rerunfilecheck Info: File `"Final Project".out' has not changed.
(rerunfilecheck)             Checksum: DE3ACE01F371B76CFFA67FC1C2624484;5894.
 ) 
Here is how much of TeX's memory you used:
 40394 strings out of 476025
 869584 string characters out of 5773555
 1864382 words of memory out of 5000000
 60010 multiletter control sequences out of 15000+600000
 525349 words of font info for 81 fonts, out of 8000000 for 9000
 1141 hyphenation exceptions out of 8191
 101i,12n,104p,1007b,915s stack positions out of 10000i,1000n,20000p,200000b,200000s
<c:/Windows/Fonts/simsun.ttc

pdfTeX warning: pdflatex.exe (file c:/Windows/Fonts/simsun.ttc): subfont unison
g20: wrong mapping: character 11 --> 0x200B --> .notdef
><d:/Users/25785/AppData/Local/Programs/Latex/texlive/2023/texmf-dist/fonts/typ
e1/public/amsfonts/cm/cmbx10.pfb><d:/Users/25785/AppData/Local/Programs/Latex/t
exlive/2023/texmf-dist/fonts/type1/public/amsfonts/cm/cmbx12.pfb><d:/Users/2578
5/AppData/Local/Programs/Latex/texlive/2023/texmf-dist/fonts/type1/public/amsfo
nts/cm/cmex10.pfb><d:/Users/25785/AppData/Local/Programs/Latex/texlive/2023/tex
mf-dist/fonts/type1/public/amsfonts/cm/cmmi10.pfb><d:/Users/25785/AppData/Local
/Programs/Latex/texlive/2023/texmf-dist/fonts/type1/public/amsfonts/cm/cmmi5.pf
b><d:/Users/25785/AppData/Local/Programs/Latex/texlive/2023/texmf-dist/fonts/ty
pe1/public/amsfonts/cm/cmmi7.pfb><d:/Users/25785/AppData/Local/Programs/Latex/t
exlive/2023/texmf-dist/fonts/type1/public/amsfonts/cm/cmr10.pfb><d:/Users/25785
/AppData/Local/Programs/Latex/texlive/2023/texmf-dist/fonts/type1/public/amsfon
ts/cm/cmr12.pfb><d:/Users/25785/AppData/Local/Programs/Latex/texlive/2023/texmf
-dist/fonts/type1/public/amsfonts/cm/cmr17.pfb><d:/Users/25785/AppData/Local/Pr
ograms/Latex/texlive/2023/texmf-dist/fonts/type1/public/amsfonts/cm/cmr7.pfb><d
:/Users/25785/AppData/Local/Programs/Latex/texlive/2023/texmf-dist/fonts/type1/
public/amsfonts/cm/cmsy10.pfb><d:/Users/25785/AppData/Local/Programs/Latex/texl
ive/2023/texmf-dist/fonts/type1/public/amsfonts/cm/cmsy7.pfb><d:/Users/25785/Ap
pData/Local/Programs/Latex/texlive/2023/texmf-dist/fonts/type1/public/amsfonts/
cm/cmti10.pfb><d:/Users/25785/AppData/Local/Programs/Latex/texlive/2023/texmf-d
ist/fonts/type1/public/amsfonts/cm/cmtt10.pfb><d:/Users/25785/AppData/Local/Pro
grams/Latex/texlive/2023/texmf-dist/fonts/type1/public/cm-super/sfrm1000.pfb>
Output written on "Final Project.pdf" (27 pages, 11222184 bytes).
PDF statistics:
 531 PDF objects out of 1000 (max. 8388607)
 400 compressed objects within 4 object streams
 90 named destinations out of 1000 (max. 500000)
 534 words of extra memory for PDF output out of 10000 (max. 10000000)

